~~~~~~~~~~~~~~~~~~~~~~~~~~~~~~~~~~~~~~~~~~~~~~~~~~~~~~~~~~~~
THE SERVER IS: https://assignsde2.herokuapp.com/assign2
THE SERVER IS: https://assignsde2.herokuapp.com/assign2
THE SERVER IS: https://assignsde2.herokuapp.com/assign2
~~~~~~~~~~~~~~~~~~~~~~~~~~~~~~~~~~~~~~~~~~~~~~~~~~~~~~~~~~~~
vvvvvvvvvvvvvvvvvvvvvvvvvvvvvvvvvvvvvvvvvvvvvvvvvvvvvvvvvvvvv
~~~~~~~~~~~~~~~~~~~~~~~~~~~~~~~~~~~~~~~~~~~~~~~~~~~~~~~~~~~~
~~~STEP~3.1~~~~~~~~~~~~~~~STEP~3.1~~~~~~~~~~~~STEP~3.1~~~~~~
~~~~~~~~~~~~~~~~~~~~~~~~~~~~~~~~~~~~~~~~~~~~~~~~~~~~~~~~~~~~
===========================================================
Request #1 GET /person Accept: APPLICATION/XML Content-Type: APPLICATION/XML
=> Result: OK
=> Http Status: 200
 
===RESPONSE BODY===
<?xml version="1.0" encoding="UTF-16"?>
<people>
    <person>
        <idPerson>1</idPerson>
        <firstname>Mr.0.03838525444704444</firstname>
        <lastname>Bianchi</lastname>
        <birthdate>1994-02-10</birthdate>
        <preferences>
            <activity>
                <idActivity>2</idActivity>
                <name>Swimming</name>
                <description>Swimming in the lake</description>
                <place>Lake Tovel</place>
                <type>Social</type>
                <startdate>2013-10-30T00:00:00.0</startdate>
            </activity>
        </preferences>
    </person>
    <person>
        <idPerson>3</idPerson>
        <firstname>Paolo</firstname>
        <lastname>Bianchi</lastname>
        <birthdate>1994-02-10</birthdate>
        <preferences>
            <activity>
                <idActivity>5</idActivity>
                <name>Watch movies</name>
                <description>Whatch Harry Potter</description>
                <place>Milan</place>
                <type>Entertainment</type>
                <startdate>1999-09-26T00:00:00.0</startdate>
            </activity>
            <activity>
                <idActivity>4</idActivity>
                <name>Running</name>
                <description>Running in the forest</description>
                <place>Trento</place>
                <type>Sport</type>
                <startdate>2000-11-02T00:00:00.0</startdate>
            </activity>
            <activity>
                <idActivity>6</idActivity>
                <name>Party</name>
                <description>Organizing parties</description>
                <place>Home</place>
                <type>Social</type>
                <startdate>2005-02-30T00:00:00.0</startdate>
            </activity>
        </preferences>
    </person>
    <person>
        <idPerson>7</idPerson>
        <firstname>Roberto</firstname>
        <lastname>Negri</lastname>
        <birthdate>1989-11-02</birthdate>
        <preferences>
            <activity>
                <idActivity>8</idActivity>
                <name>Visiting</name>
                <description>Visiting a museum</description>
                <place>London</place>
                <type>Culture</type>
                <startdate>2007-12-30T00:00:00.0</startdate>
            </activity>
            <activity>
                <idActivity>9</idActivity>
                <name>Football</name>
                <description>Goalkeeper in local team</description>
                <place>Napoli</place>
                <type>Sport</type>
                <startdate>2001-05-12T00:00:00.0</startdate>
            </activity>
        </preferences>
    </person>
    <person>
        <idPerson>10</idPerson>
        <firstname>Giovanni</firstname>
        <lastname>Verdi</lastname>
        <birthdate>1979-07-14</birthdate>
        <preferences>
            <activity>
                <idActivity>11</idActivity>
                <name>Videogames</name>
                <description>Playing videogames</description>
                <place>Home</place>
                <type>Entertainment</type>
                <startdate>2003-06-04T00:00:00.0</startdate>
            </activity>
        </preferences>
    </person>
    <person>
        <idPerson>12</idPerson>
        <firstname>Damiano</firstname>
        <lastname>Guerra</lastname>
        <birthdate>1992-05-19</birthdate>
        <preferences>
            <activity>
                <idActivity>14</idActivity>
                <name>Chat</name>
                <description>Chatting online</description>
                <place>Web</place>
                <type>Social</type>
                <startdate>2000-07-29T00:00:00.0</startdate>
            </activity>
            <activity>
                <idActivity>15</idActivity>
                <name>Cycling</name>
                <description>Cycling at home</description>
                <place>Home</place>
                <type>Sport</type>
                <startdate>2017-11-02T00:00:00.0</startdate>
            </activity>
            <activity>
                <idActivity>13</idActivity>
                <name>Learning a language</name>
                <description>Studying French</description>
                <place>School</place>
                <type>Culture</type>
                <startdate>2015-04-17T00:00:00.0</startdate>
            </activity>
        </preferences>
    </person>
</people>

~~~~~~~~~~~~~~~~~~~~~~~~~~~~~~~~~~~~~~~~~~~~~~~~~~~~~~~~~~~~
~~~STEP~3.2~~~~~~~~~~~~~~~STEP~3.2~~~~~~~~~~~~STEP~3.2~~~~~~
~~~~~~~~~~~~~~~~~~~~~~~~~~~~~~~~~~~~~~~~~~~~~~~~~~~~~~~~~~~~
===========================================================
Request #2 GET /person/1 Accept: APPLICATION/XML Content-Type: APPLICATION/XML
=> Result: OK
=> Http Status: 200
 
===RESPONSE BODY===
<?xml version="1.0" encoding="UTF-16"?>
<person>
    <idPerson>1</idPerson>
    <firstname>Mr.0.03838525444704444</firstname>
    <lastname>Bianchi</lastname>
    <birthdate>1994-02-10</birthdate>
    <preferences>
        <activity>
            <idActivity>2</idActivity>
            <name>Swimming</name>
            <description>Swimming in the lake</description>
            <place>Lake Tovel</place>
            <type>Social</type>
            <startdate>2013-10-30T00:00:00.0</startdate>
        </activity>
    </preferences>
</person>

~~~~~~~~~~~~~~~~~~~~~~~~~~~~~~~~~~~~~~~~~~~~~~~~~~~~~~~~~~~~
~~~STEP~3.3~~~~~~~~~~~~~~~STEP~3.3~~~~~~~~~~~~STEP~3.3~~~~~~
~~~~~~~~~~~~~~~~~~~~~~~~~~~~~~~~~~~~~~~~~~~~~~~~~~~~~~~~~~~~
===========================================================
Request #3 PUT /person/1 Accept: APPLICATION/XML Content-Type: APPLICATION/XML
=> Result: OK
=> Http Status: 200
<person>
    <birthdate>1994-02-10</birthdate>
    <firstname>Mr.0.18590911682614863</firstname>
    <lastname>Bianchi</lastname>
</person>

===RESPONSE BODY===
 
~~~~~~~~~~~~~~~~~~~~~~~~~~~~~~~~~~~~~~~~~~~~~~~~~~~~~~~~~~~~
~~~STEP~3.4~~~~~~~~~~~~~~~STEP~3.4~~~~~~~~~~~~STEP~3.4~~~~~~
~~~~~~~~~~~~~~~~~~~~~~~~~~~~~~~~~~~~~~~~~~~~~~~~~~~~~~~~~~~~
===========================================================
Request #4 POST /person/ Accept: APPLICATION/XML Content-Type: APPLICATION/XML
=> Result: OK
=> Http Status: 200
<person>
    <firstname>Giovanni</firstname>
    <lastname>Verdi</lastname>
    <birthdate>1979-07-14</birthdate>
    <preferences>
        <activity>
            <name>Videogames</name>
            <description>Playing videogames</description>
            <place>Home</place>
            <type>Entertainment</type>
            <startdate>2003-06-04T00:00:00.0</startdate>
        </activity>
    </preferences>
</person>

===RESPONSE BODY===
<?xml version="1.0" encoding="UTF-16"?>
<person>
    <idPerson>209</idPerson>
    <firstname>Giovanni</firstname>
    <lastname>Verdi</lastname>
    <birthdate>1979-07-14</birthdate>
    <preferences>
        <activity>
            <idActivity>210</idActivity>
            <name>Videogames</name>
            <description>Playing videogames</description>
            <place>Home</place>
            <type>Entertainment</type>
            <startdate>2003-06-04T00:00:00.0</startdate>
        </activity>
    </preferences>
</person>

~~~~~~~~~~~~~~~~~~~~~~~~~~~~~~~~~~~~~~~~~~~~~~~~~~~~~~~~~~~~
~~~STEP~3.5~~~~~~~~~~~~~~~STEP~3.5~~~~~~~~~~~~STEP~3.5~~~~~~
~~~~~~~~~~~~~~~~~~~~~~~~~~~~~~~~~~~~~~~~~~~~~~~~~~~~~~~~~~~~
===========================================================
Request #5 DELETE /person/209 Accept: APPLICATION/XML Content-Type: APPLICATION/XML
=> Result: ERROR
=> Http Status: 204
 
===RESPONSE BODY===
 
===========================================================
Request #1 GET /person/209 Accept: APPLICATION/XML Content-Type: APPLICATION/XML
=> Result: OK
=> Http Status: 404
 
===RESPONSE BODY===
 
~~~~~~~~~~~~~~~~~~~~~~~~~~~~~~~~~~~~~~~~~~~~~~~~~~~~~~~~~~~~
~~~STEP~3.6~~~~~~~~~~~~~~~STEP~3.6~~~~~~~~~~~~STEP~3.6~~~~~~
~~~~~~~~~~~~~~~~~~~~~~~~~~~~~~~~~~~~~~~~~~~~~~~~~~~~~~~~~~~~
===========================================================
Request #6 GET /activity_types Accept: APPLICATION/XML Content-Type: APPLICATION/XML
=> Result: OK
=> Http Status: 200
 
===RESPONSE BODY===
<?xml version="1.0" encoding="UTF-16"?>
<activityTypes>
    <activity_type>Social</activity_type>
    <activity_type>Sport</activity_type>
    <activity_type>Culture</activity_type>
    <activity_type>Entertainment</activity_type>
    <activity_type>Work</activity_type>
</activityTypes>

~~~~~~~~~~~~~~~~~~~~~~~~~~~~~~~~~~~~~~~~~~~~~~~~~~~~~~~~~~~~
~~~STEP~3.7~~~~~~~~~~~~~~~STEP~3.7~~~~~~~~~~~~STEP~3.7~~~~~~
~~~~~~~~~~~~~~~~~~~~~~~~~~~~~~~~~~~~~~~~~~~~~~~~~~~~~~~~~~~~
===========================================================
Request #7 GET /person/1/Social Accept: APPLICATION/XML Content-Type: APPLICATION/XML
=> Result: OK
=> Http Status: 200
 
===RESPONSE BODY===
<?xml version="1.0" encoding="UTF-16"?>
<activities>
    <activity>
        <idActivity>2</idActivity>
        <name>Swimming</name>
        <description>Swimming in the lake</description>
        <place>Lake Tovel</place>
        <type>Social</type>
        <startdate>2013-10-30T00:00:00.0</startdate>
    </activity>
</activities>

===========================================================
Request #7 GET /person/1/Sport Accept: APPLICATION/XML Content-Type: APPLICATION/XML
=> Result: ERROR
=> Http Status: 200
 
===RESPONSE BODY===
<?xml version="1.0" encoding="UTF-16"?>
<activities/>

===========================================================
Request #7 GET /person/1/Culture Accept: APPLICATION/XML Content-Type: APPLICATION/XML
=> Result: ERROR
=> Http Status: 200
 
===RESPONSE BODY===
<?xml version="1.0" encoding="UTF-16"?>
<activities/>

===========================================================
Request #7 GET /person/1/Entertainment Accept: APPLICATION/XML Content-Type: APPLICATION/XML
=> Result: ERROR
=> Http Status: 200
 
===RESPONSE BODY===
<?xml version="1.0" encoding="UTF-16"?>
<activities/>

===========================================================
Request #7 GET /person/1/Work Accept: APPLICATION/XML Content-Type: APPLICATION/XML
=> Result: ERROR
=> Http Status: 200
 
===RESPONSE BODY===
<?xml version="1.0" encoding="UTF-16"?>
<activities/>

===========================================================
Request #7 GET /person/12/Social Accept: APPLICATION/XML Content-Type: APPLICATION/XML
=> Result: OK
=> Http Status: 200
 
===RESPONSE BODY===
<?xml version="1.0" encoding="UTF-16"?>
<activities>
    <activity>
        <idActivity>14</idActivity>
        <name>Chat</name>
        <description>Chatting online</description>
        <place>Web</place>
        <type>Social</type>
        <startdate>2000-07-29T00:00:00.0</startdate>
    </activity>
</activities>

===========================================================
Request #7 GET /person/12/Sport Accept: APPLICATION/XML Content-Type: APPLICATION/XML
=> Result: OK
=> Http Status: 200
 
===RESPONSE BODY===
<?xml version="1.0" encoding="UTF-16"?>
<activities>
    <activity>
        <idActivity>15</idActivity>
        <name>Cycling</name>
        <description>Cycling at home</description>
        <place>Home</place>
        <type>Sport</type>
        <startdate>2017-11-02T00:00:00.0</startdate>
    </activity>
</activities>

===========================================================
Request #7 GET /person/12/Culture Accept: APPLICATION/XML Content-Type: APPLICATION/XML
=> Result: OK
=> Http Status: 200
 
===RESPONSE BODY===
<?xml version="1.0" encoding="UTF-16"?>
<activities>
    <activity>
        <idActivity>13</idActivity>
        <name>Learning a language</name>
        <description>Studying French</description>
        <place>School</place>
        <type>Culture</type>
        <startdate>2015-04-17T00:00:00.0</startdate>
    </activity>
</activities>

===========================================================
Request #7 GET /person/12/Entertainment Accept: APPLICATION/XML Content-Type: APPLICATION/XML
=> Result: ERROR
=> Http Status: 200
 
===RESPONSE BODY===
<?xml version="1.0" encoding="UTF-16"?>
<activities/>

===========================================================
Request #7 GET /person/12/Work Accept: APPLICATION/XML Content-Type: APPLICATION/XML
=> Result: ERROR
=> Http Status: 200
 
===RESPONSE BODY===
<?xml version="1.0" encoding="UTF-16"?>
<activities/>

~~~~~~~~~~~~~~~~~~~~~~~~~~~~~~~~~~~~~~~~~~~~~~~~~~~~~~~~~~~~
~~~STEP~3.8~~~~~~~~~~~~~~~STEP~3.8~~~~~~~~~~~~STEP~3.8~~~~~~
~~~~~~~~~~~~~~~~~~~~~~~~~~~~~~~~~~~~~~~~~~~~~~~~~~~~~~~~~~~~
===========================================================
Request #8 GET /person/1/Social/2 Accept: APPLICATION/XML Content-Type: APPLICATION/XML
=> Result: OK
=> Http Status: 200
 
===RESPONSE BODY===
<?xml version="1.0" encoding="UTF-16"?>
<activity>
    <idActivity>2</idActivity>
    <name>Swimming</name>
    <description>Swimming in the lake</description>
    <place>Lake Tovel</place>
    <type>Social</type>
    <startdate>2013-10-30T00:00:00.0</startdate>
</activity>

~~~~~~~~~~~~~~~~~~~~~~~~~~~~~~~~~~~~~~~~~~~~~~~~~~~~~~~~~~~~
~~~STEP~3.10~~~~~~~~~~~~~STEP~3.10~~~~~~~~~~~STEP~3.10~~~~~~
~~~~~~~~~~~~~~~~~~~~~~~~~~~~~~~~~~~~~~~~~~~~~~~~~~~~~~~~~~~~
===========================================================
Request #10 PUT /person/1/Social/2 Accept: APPLICATION/XML Content-Type: APPLICATION/XML
=> Result: OK
=> Http Status: 201
<activity_type>Social</activity_type>

===RESPONSE BODY===
 
~~~~~~~~~~~~~~~~~~~~~~~~~~~~~~~~~~~~~~~~~~~~~~~~~~~~~~~~~~~~
~~~STEP~3.11~~~~~~~~~~~~~STEP~3.11~~~~~~~~~~~STEP~3.11~~~~~~
~~~~~~~~~~~~~~~~~~~~~~~~~~~~~~~~~~~~~~~~~~~~~~~~~~~~~~~~~~~~
===========================================================
Request #11 GET /person/3/Social?before=2006-02-30T00:00:00.0&after=1999-01-26T00:00:00.0 Accept: APPLICATION/XML Content-Type: APPLICATION/XML
=> Result: OK
=> Http Status: 200
 
===RESPONSE BODY===
<?xml version="1.0" encoding="UTF-16"?>
<activities>
    <activity>
        <idActivity>6</idActivity>
        <name>Party</name>
        <description>Organizing parties</description>
        <place>Home</place>
        <type>Social</type>
        <startdate>2005-02-30T00:00:00.0</startdate>
    </activity>
</activities>

